<?xml version="1.0" encoding="UTF-8"?>
<coverage generated="1531340380734" clover="3.2.0">
  <project timestamp="1531340380734" name="All files">
    <metrics statements="137" coveredstatements="133" conditionals="58" coveredconditionals="41" methods="36" coveredmethods="34" elements="231" coveredelements="208" complexity="0" loc="137" ncloc="137" packages="3" files="8" classes="8">
      <package name="source">
        <metrics statements="8" coveredstatements="8" conditionals="6" coveredconditionals="6" methods="2" coveredmethods="2"/>
        <file name="index.ts" path="/Users/ben/Code/web/Blog-O-Matic/source/index.ts">
          <metrics statements="8" coveredstatements="8" conditionals="6" coveredconditionals="6" methods="2" coveredmethods="2"/>
          <line num="1" count="1" type="stmt"/>
          <line num="2" count="1" type="stmt"/>
          <line num="4" count="1" type="stmt"/>
          <line num="5" count="1" type="stmt"/>
          <line num="8" count="1" type="stmt"/>
          <line num="15" count="1" type="stmt"/>
          <line num="16" count="1" type="stmt"/>
          <line num="17" count="1" type="stmt"/>
        </file>
      </package>
      <package name="source.modules">
        <metrics statements="37" coveredstatements="37" conditionals="0" coveredconditionals="0" methods="5" coveredmethods="5"/>
        <file name="buildContentMap.ts" path="/Users/ben/Code/web/Blog-O-Matic/source/modules/buildContentMap.ts">
          <metrics statements="11" coveredstatements="11" conditionals="0" coveredconditionals="0" methods="1" coveredmethods="1"/>
          <line num="2" count="1" type="stmt"/>
          <line num="3" count="1" type="stmt"/>
          <line num="4" count="1" type="stmt"/>
          <line num="5" count="1" type="stmt"/>
          <line num="6" count="1" type="stmt"/>
          <line num="18" count="1" type="stmt"/>
          <line num="19" count="2" type="stmt"/>
          <line num="21" count="1" type="stmt"/>
          <line num="23" count="1" type="stmt"/>
          <line num="24" count="2" type="stmt"/>
          <line num="26" count="1" type="stmt"/>
        </file>
        <file name="optimizeImages.ts" path="/Users/ben/Code/web/Blog-O-Matic/source/modules/optimizeImages.ts">
          <metrics statements="26" coveredstatements="26" conditionals="0" coveredconditionals="0" methods="4" coveredmethods="4"/>
          <line num="14" count="1" type="stmt"/>
          <line num="15" count="1" type="stmt"/>
          <line num="16" count="1" type="stmt"/>
          <line num="18" count="1" type="stmt"/>
          <line num="19" count="1" type="stmt"/>
          <line num="20" count="1" type="stmt"/>
          <line num="21" count="1" type="stmt"/>
          <line num="24" count="1" type="stmt"/>
          <line num="37" count="1" type="stmt"/>
          <line num="38" count="1" type="stmt"/>
          <line num="40" count="1" type="stmt"/>
          <line num="42" count="1" type="stmt"/>
          <line num="43" count="4" type="stmt"/>
          <line num="44" count="4" type="stmt"/>
          <line num="45" count="4" type="stmt"/>
          <line num="47" count="4" type="stmt"/>
          <line num="49" count="16" type="stmt"/>
          <line num="50" count="16" type="stmt"/>
          <line num="51" count="16" type="stmt"/>
          <line num="53" count="32" type="stmt"/>
          <line num="54" count="16" type="stmt"/>
          <line num="57" count="4" type="stmt"/>
          <line num="58" count="4" type="stmt"/>
          <line num="61" count="1" type="stmt"/>
          <line num="62" count="1" type="stmt"/>
          <line num="63" count="1" type="stmt"/>
        </file>
      </package>
      <package name="source.utilities">
        <metrics statements="92" coveredstatements="88" conditionals="52" coveredconditionals="35" methods="29" coveredmethods="27"/>
        <file name="findAll.ts" path="/Users/ben/Code/web/Blog-O-Matic/source/utilities/findAll.ts">
          <metrics statements="24" coveredstatements="24" conditionals="20" coveredconditionals="16" methods="7" coveredmethods="7"/>
          <line num="3" count="1" type="stmt"/>
          <line num="4" count="1" type="stmt"/>
          <line num="10" count="22" type="cond" truecount="2" falsecount="0"/>
          <line num="14" count="20" type="stmt"/>
          <line num="16" count="20" type="stmt"/>
          <line num="17" count="20" type="cond" truecount="1" falsecount="1"/>
          <line num="18" count="20" type="cond" truecount="1" falsecount="1"/>
          <line num="20" count="20" type="stmt"/>
          <line num="21" count="20" type="cond" truecount="1" falsecount="1"/>
          <line num="23" count="20" type="stmt"/>
          <line num="24" count="56" type="stmt"/>
          <line num="25" count="56" type="stmt"/>
          <line num="26" count="56" type="cond" truecount="1" falsecount="1"/>
          <line num="28" count="56" type="stmt"/>
          <line num="29" count="56" type="cond" truecount="2" falsecount="0"/>
          <line num="30" count="7" type="stmt"/>
          <line num="33" count="56" type="cond" truecount="4" falsecount="0"/>
          <line num="34" count="18" type="stmt"/>
          <line num="35" count="18" type="stmt"/>
          <line num="36" count="18" type="cond" truecount="2" falsecount="0"/>
          <line num="38" count="38" type="cond" truecount="2" falsecount="0"/>
          <line num="45" count="1" type="stmt"/>
          <line num="46" count="2" type="stmt"/>
          <line num="47" count="2" type="stmt"/>
        </file>
        <file name="fsWrappers.ts" path="/Users/ben/Code/web/Blog-O-Matic/source/utilities/fsWrappers.ts">
          <metrics statements="17" coveredstatements="13" conditionals="10" coveredconditionals="3" methods="9" coveredmethods="7"/>
          <line num="1" count="1" type="stmt"/>
          <line num="2" count="1" type="stmt"/>
          <line num="5" count="1" type="stmt"/>
          <line num="6" count="21" type="stmt"/>
          <line num="7" count="21" type="stmt"/>
          <line num="8" count="21" type="cond" truecount="2" falsecount="2"/>
          <line num="10" count="0" type="stmt"/>
          <line num="11" count="0" type="cond" truecount="0" falsecount="4"/>
          <line num="13" count="0" type="stmt"/>
          <line num="14" count="0" type="stmt"/>
          <line num="21" count="1" type="stmt"/>
          <line num="22" count="4" type="stmt"/>
          <line num="23" count="4" type="cond" truecount="1" falsecount="1"/>
          <line num="25" count="4" type="stmt"/>
          <line num="26" count="4" type="stmt"/>
          <line num="28" count="4" type="stmt"/>
          <line num="29" count="4" type="stmt"/>
        </file>
        <file name="log.ts" path="/Users/ben/Code/web/Blog-O-Matic/source/utilities/log.ts">
          <metrics statements="15" coveredstatements="15" conditionals="2" coveredconditionals="2" methods="4" coveredmethods="4"/>
          <line num="1" count="1" type="stmt"/>
          <line num="2" count="1" type="stmt"/>
          <line num="3" count="1" type="stmt"/>
          <line num="4" count="1" type="stmt"/>
          <line num="5" count="1" type="stmt"/>
          <line num="7" count="1" type="stmt"/>
          <line num="8" count="6" type="stmt"/>
          <line num="10" count="1" type="stmt"/>
          <line num="11" count="2" type="stmt"/>
          <line num="15" count="1" type="stmt"/>
          <line num="16" count="6" type="cond" truecount="2" falsecount="0"/>
          <line num="17" count="2" type="stmt"/>
          <line num="19" count="4" type="stmt"/>
          <line num="24" count="1" type="stmt"/>
          <line num="25" count="2" type="stmt"/>
        </file>
        <file name="validators.ts" path="/Users/ben/Code/web/Blog-O-Matic/source/utilities/validators.ts">
          <metrics statements="3" coveredstatements="3" conditionals="0" coveredconditionals="0" methods="3" coveredmethods="3"/>
          <line num="1" count="4" type="stmt"/>
          <line num="2" count="28" type="stmt"/>
          <line num="3" count="28" type="stmt"/>
        </file>
        <file name="writeMetaFiles.ts" path="/Users/ben/Code/web/Blog-O-Matic/source/utilities/writeMetaFiles.ts">
          <metrics statements="33" coveredstatements="33" conditionals="20" coveredconditionals="14" methods="6" coveredmethods="6"/>
          <line num="1" count="1" type="stmt"/>
          <line num="2" count="1" type="stmt"/>
          <line num="4" count="1" type="stmt"/>
          <line num="5" count="1" type="stmt"/>
          <line num="6" count="1" type="stmt"/>
          <line num="9" count="1" type="stmt"/>
          <line num="10" count="1" type="stmt"/>
          <line num="13" count="1" type="stmt"/>
          <line num="19" count="1" type="cond" truecount="1" falsecount="3"/>
          <line num="21" count="1" type="stmt"/>
          <line num="22" count="3" type="stmt"/>
          <line num="23" count="3" type="stmt"/>
          <line num="24" count="3" type="stmt"/>
          <line num="26" count="3" type="stmt"/>
          <line num="27" count="3" type="stmt"/>
          <line num="29" count="3" type="cond" truecount="2" falsecount="0"/>
          <line num="30" count="2" type="stmt"/>
          <line num="31" count="2" type="stmt"/>
          <line num="33" count="2" type="cond" truecount="1" falsecount="1"/>
          <line num="34" count="3" type="stmt"/>
          <line num="37" count="2" type="cond" truecount="1" falsecount="1"/>
          <line num="38" count="2" type="stmt"/>
          <line num="41" count="2" type="cond" truecount="2" falsecount="0"/>
          <line num="42" count="1" type="stmt"/>
          <line num="47" count="1" type="stmt"/>
          <line num="54" count="1" type="stmt"/>
          <line num="61" count="3" type="cond" truecount="2" falsecount="0"/>
          <line num="62" count="2" type="stmt"/>
          <line num="65" count="1" type="stmt"/>
          <line num="68" count="1" type="cond" truecount="3" falsecount="1"/>
          <line num="69" count="1" type="stmt"/>
          <line num="77" count="3" type="cond" truecount="2" falsecount="0"/>
          <line num="79" count="2" type="stmt"/>
        </file>
      </package>
    </metrics>
  </project>
</coverage>
