{"/Users/ben/Code/web/Blog-O-Matic/source/index.ts": {"path":"/Users/ben/Code/web/Blog-O-Matic/source/index.ts","statementMap":{"0":{"start":{"line":1,"column":0},"end":{"line":1,"column":27}},"1":{"start":{"line":2,"column":0},"end":{"line":2,"column":27}},"2":{"start":{"line":4,"column":0},"end":{"line":4,"column":58}},"3":{"start":{"line":5,"column":0},"end":{"line":5,"column":56}},"4":{"start":{"line":8,"column":25},"end":{"line":12,"column":1}},"5":{"start":{"line":15,"column":13},"end":{"line":17,"column":29}},"6":{"start":{"line":16,"column":14},"end":{"line":16,"column":37}},"7":{"start":{"line":17,"column":14},"end":{"line":17,"column":28}}},"fnMap":{"0":{"name":"(anonymous_0)","decl":{"start":{"line":16,"column":8},"end":{"line":16,"column":13}},"loc":{"start":{"line":16,"column":8},"end":{"line":16,"column":37}}},"1":{"name":"(anonymous_1)","decl":{"start":{"line":17,"column":8},"end":{"line":17,"column":13}},"loc":{"start":{"line":17,"column":8},"end":{"line":17,"column":28}}}},"branchMap":{"0":{"loc":{"start":{"line":9,"column":37},"end":{"line":9,"column":44}},"type":"binary-expr","locations":[{"start":{"line":9,"column":37},"end":{"line":9,"column":44}},{"start":{"line":9,"column":48},"end":{"line":9,"column":59}}]},"1":{"loc":{"start":{"line":10,"column":38},"end":{"line":10,"column":46}},"type":"binary-expr","locations":[{"start":{"line":10,"column":38},"end":{"line":10,"column":46}},{"start":{"line":10,"column":50},"end":{"line":10,"column":60}}]},"2":{"loc":{"start":{"line":11,"column":10},"end":{"line":11,"column":21}},"type":"binary-expr","locations":[{"start":{"line":11,"column":10},"end":{"line":11,"column":21}},{"start":{"line":11,"column":25},"end":{"line":11,"column":29}}]}},"s":{"0":1,"1":1,"2":1,"3":1,"4":1,"5":1,"6":1,"7":1},"f":{"0":1,"1":1},"b":{"0":[1,1],"1":[1,1],"2":[1,1]}}
,"/Users/ben/Code/web/Blog-O-Matic/source/modules/buildContentMap.ts": {"path":"/Users/ben/Code/web/Blog-O-Matic/source/modules/buildContentMap.ts","statementMap":{"0":{"start":{"line":2,"column":0},"end":{"line":2,"column":45}},"1":{"start":{"line":3,"column":0},"end":{"line":3,"column":50}},"2":{"start":{"line":4,"column":0},"end":{"line":4,"column":38}},"3":{"start":{"line":5,"column":0},"end":{"line":5,"column":51}},"4":{"start":{"line":6,"column":0},"end":{"line":6,"column":59}},"5":{"start":{"line":19,"column":2},"end":{"line":19,"column":33}},"6":{"start":{"line":21,"column":2},"end":{"line":21,"column":32}},"7":{"start":{"line":23,"column":28},"end":{"line":23,"column":68}},"8":{"start":{"line":23,"column":8},"end":{"line":23,"column":68}},"9":{"start":{"line":24,"column":2},"end":{"line":24,"column":40}},"10":{"start":{"line":26,"column":2},"end":{"line":26,"column":30}},"11":{"start":{"line":18,"column":0},"end":{"line":27,"column":1}}},"fnMap":{"0":{"name":"buildContentMap","decl":{"start":{"line":18,"column":0},"end":{"line":18,"column":37}},"loc":{"start":{"line":18,"column":54},"end":{"line":27,"column":1}}}},"branchMap":{},"s":{"0":1,"1":1,"2":1,"3":1,"4":1,"5":2,"6":1,"7":1,"8":1,"9":2,"10":1,"11":1},"f":{"0":1},"b":{}}
,"/Users/ben/Code/web/Blog-O-Matic/source/modules/optimizeImages.ts": {"path":"/Users/ben/Code/web/Blog-O-Matic/source/modules/optimizeImages.ts","statementMap":{"0":{"start":{"line":14,"column":14},"end":{"line":14,"column":30}},"1":{"start":{"line":15,"column":0},"end":{"line":15,"column":27}},"2":{"start":{"line":16,"column":0},"end":{"line":16,"column":20}},"3":{"start":{"line":18,"column":0},"end":{"line":18,"column":45}},"4":{"start":{"line":19,"column":0},"end":{"line":19,"column":50}},"5":{"start":{"line":20,"column":0},"end":{"line":20,"column":38}},"6":{"start":{"line":21,"column":0},"end":{"line":21,"column":51}},"7":{"start":{"line":24,"column":19},"end":{"line":29,"column":1}},"8":{"start":{"line":37,"column":39},"end":{"line":37,"column":44}},"9":{"start":{"line":37,"column":46},"end":{"line":37,"column":52}},"10":{"start":{"line":38,"column":2},"end":{"line":38,"column":39}},"11":{"start":{"line":40,"column":24},"end":{"line":40,"column":56}},"12":{"start":{"line":40,"column":8},"end":{"line":40,"column":56}},"13":{"start":{"line":42,"column":8},"end":{"line":59,"column":4}},"14":{"start":{"line":43,"column":22},"end":{"line":43,"column":55}},"15":{"start":{"line":44,"column":21},"end":{"line":44,"column":48}},"16":{"start":{"line":45,"column":22},"end":{"line":45,"column":50}},"17":{"start":{"line":47,"column":25},"end":{"line":55,"column":8}},"18":{"start":{"line":49,"column":14},"end":{"line":49,"column":70}},"19":{"start":{"line":50,"column":14},"end":{"line":50,"column":60}},"20":{"start":{"line":51,"column":14},"end":{"line":51,"column":54}},"21":{"start":{"line":53,"column":8},"end":{"line":53,"column":37}},"22":{"start":{"line":54,"column":8},"end":{"line":54,"column":70}},"23":{"start":{"line":57,"column":4},"end":{"line":58,"column":57}},"24":{"start":{"line":58,"column":18},"end":{"line":58,"column":56}},"25":{"start":{"line":61,"column":23},"end":{"line":61,"column":55}},"26":{"start":{"line":61,"column":8},"end":{"line":61,"column":55}},"27":{"start":{"line":62,"column":2},"end":{"line":62,"column":37}},"28":{"start":{"line":63,"column":2},"end":{"line":63,"column":21}},"29":{"start":{"line":37,"column":0},"end":{"line":64,"column":1}}},"fnMap":{"0":{"name":"optimizeImages","decl":{"start":{"line":37,"column":0},"end":{"line":37,"column":36}},"loc":{"start":{"line":37,"column":70},"end":{"line":64,"column":1}}},"1":{"name":"(anonymous_15)","decl":{"start":{"line":42,"column":35},"end":{"line":42,"column":35}},"loc":{"start":{"line":42,"column":52},"end":{"line":59,"column":3}}},"2":{"name":"resizeImage","decl":{"start":{"line":48,"column":11},"end":{"line":48,"column":37}},"loc":{"start":{"line":48,"column":54},"end":{"line":55,"column":7}}},"3":{"name":"(anonymous_19)","decl":{"start":{"line":58,"column":12},"end":{"line":58,"column":17}},"loc":{"start":{"line":58,"column":12},"end":{"line":58,"column":56}}}},"branchMap":{},"s":{"0":1,"1":1,"2":1,"3":1,"4":1,"5":1,"6":1,"7":1,"8":1,"9":1,"10":1,"11":1,"12":1,"13":1,"14":4,"15":4,"16":4,"17":4,"18":16,"19":16,"20":16,"21":32,"22":16,"23":4,"24":4,"25":1,"26":1,"27":1,"28":1,"29":1},"f":{"0":1,"1":4,"2":16,"3":4},"b":{}}
,"/Users/ben/Code/web/Blog-O-Matic/source/utilities/findAll.ts": {"path":"/Users/ben/Code/web/Blog-O-Matic/source/utilities/findAll.ts","statementMap":{"0":{"start":{"line":3,"column":0},"end":{"line":3,"column":33}},"1":{"start":{"line":4,"column":0},"end":{"line":4,"column":27}},"2":{"start":{"line":10,"column":2},"end":{"line":10,"column":31}},"3":{"start":{"line":14,"column":23},"end":{"line":14,"column":25}},"4":{"start":{"line":16,"column":2},"end":{"line":41,"column":4}},"5":{"start":{"line":17,"column":4},"end":{"line":17,"column":26}},"6":{"start":{"line":17,"column":15},"end":{"line":17,"column":26}},"7":{"start":{"line":18,"column":4},"end":{"line":18,"column":22}},"8":{"start":{"line":18,"column":16},"end":{"line":18,"column":22}},"9":{"start":{"line":20,"column":18},"end":{"line":20,"column":30}},"10":{"start":{"line":21,"column":4},"end":{"line":21,"column":38}},"11":{"start":{"line":21,"column":18},"end":{"line":21,"column":38}},"12":{"start":{"line":23,"column":4},"end":{"line":40,"column":6}},"13":{"start":{"line":24,"column":23},"end":{"line":24,"column":53}},"14":{"start":{"line":25,"column":6},"end":{"line":39,"column":8}},"15":{"start":{"line":26,"column":8},"end":{"line":26,"column":30}},"16":{"start":{"line":26,"column":19},"end":{"line":26,"column":30}},"17":{"start":{"line":28,"column":33},"end":{"line":28,"column":63}},"18":{"start":{"line":29,"column":8},"end":{"line":31,"column":9}},"19":{"start":{"line":30,"column":10},"end":{"line":30,"column":40}},"20":{"start":{"line":33,"column":8},"end":{"line":38,"column":44}},"21":{"start":{"line":34,"column":10},"end":{"line":37,"column":12}},"22":{"start":{"line":35,"column":12},"end":{"line":35,"column":41}},"23":{"start":{"line":36,"column":12},"end":{"line":36,"column":41}},"24":{"start":{"line":36,"column":28},"end":{"line":36,"column":41}},"25":{"start":{"line":38,"column":15},"end":{"line":38,"column":44}},"26":{"start":{"line":38,"column":31},"end":{"line":38,"column":44}},"27":{"start":{"line":46,"column":2},"end":{"line":48,"column":4}},"28":{"start":{"line":47,"column":4},"end":{"line":47,"column":55}},"29":{"start":{"line":45,"column":0},"end":{"line":49,"column":1}}},"fnMap":{"0":{"name":"findThings","decl":{"start":{"line":7,"column":0},"end":{"line":8,"column":1}},"loc":{"start":{"line":11,"column":30},"end":{"line":42,"column":1}}},"1":{"name":"(anonymous_1)","decl":{"start":{"line":16,"column":22},"end":{"line":16,"column":22}},"loc":{"start":{"line":16,"column":35},"end":{"line":41,"column":3}}},"2":{"name":"(anonymous_2)","decl":{"start":{"line":23,"column":18},"end":{"line":23,"column":17}},"loc":{"start":{"line":23,"column":22},"end":{"line":40,"column":5}}},"3":{"name":"(anonymous_3)","decl":{"start":{"line":25,"column":21},"end":{"line":25,"column":21}},"loc":{"start":{"line":25,"column":33},"end":{"line":39,"column":7}}},"4":{"name":"(anonymous_4)","decl":{"start":{"line":34,"column":52},"end":{"line":34,"column":51}},"loc":{"start":{"line":34,"column":55},"end":{"line":37,"column":11}}},"5":{"name":"findAll","decl":{"start":{"line":45,"column":0},"end":{"line":45,"column":23}},"loc":{"start":{"line":45,"column":43},"end":{"line":49,"column":1}}},"6":{"name":"(anonymous_6)","decl":{"start":{"line":46,"column":21},"end":{"line":46,"column":20}},"loc":{"start":{"line":46,"column":28},"end":{"line":48,"column":3}}}},"branchMap":{"0":{"loc":{"start":{"line":10,"column":2},"end":{"line":10,"column":31}},"type":"if","locations":[{"start":{"line":10,"column":2},"end":{"line":10,"column":31}},{"start":{"line":10,"column":2},"end":{"line":10,"column":31}}]},"1":{"loc":{"start":{"line":17,"column":4},"end":{"line":17,"column":26}},"type":"if","locations":[{"start":{"line":17,"column":4},"end":{"line":17,"column":26}},{"start":{"line":17,"column":4},"end":{"line":17,"column":26}}]},"2":{"loc":{"start":{"line":18,"column":4},"end":{"line":18,"column":22}},"type":"if","locations":[{"start":{"line":18,"column":4},"end":{"line":18,"column":22}},{"start":{"line":18,"column":4},"end":{"line":18,"column":22}}]},"3":{"loc":{"start":{"line":21,"column":4},"end":{"line":21,"column":38}},"type":"if","locations":[{"start":{"line":21,"column":4},"end":{"line":21,"column":38}},{"start":{"line":21,"column":4},"end":{"line":21,"column":38}}]},"4":{"loc":{"start":{"line":26,"column":8},"end":{"line":26,"column":30}},"type":"if","locations":[{"start":{"line":26,"column":8},"end":{"line":26,"column":30}},{"start":{"line":26,"column":8},"end":{"line":26,"column":30}}]},"5":{"loc":{"start":{"line":29,"column":8},"end":{"line":31,"column":9}},"type":"if","locations":[{"start":{"line":29,"column":8},"end":{"line":31,"column":9}},{"start":{"line":29,"column":8},"end":{"line":31,"column":9}}]},"6":{"loc":{"start":{"line":33,"column":8},"end":{"line":38,"column":44}},"type":"if","locations":[{"start":{"line":33,"column":8},"end":{"line":38,"column":44}},{"start":{"line":33,"column":8},"end":{"line":38,"column":44}}]},"7":{"loc":{"start":{"line":33,"column":12},"end":{"line":33,"column":16}},"type":"binary-expr","locations":[{"start":{"line":33,"column":12},"end":{"line":33,"column":16}},{"start":{"line":33,"column":20},"end":{"line":33,"column":38}}]},"8":{"loc":{"start":{"line":36,"column":12},"end":{"line":36,"column":41}},"type":"if","locations":[{"start":{"line":36,"column":12},"end":{"line":36,"column":41}},{"start":{"line":36,"column":12},"end":{"line":36,"column":41}}]},"9":{"loc":{"start":{"line":38,"column":15},"end":{"line":38,"column":44}},"type":"if","locations":[{"start":{"line":38,"column":15},"end":{"line":38,"column":44}},{"start":{"line":38,"column":15},"end":{"line":38,"column":44}}]}},"s":{"0":1,"1":1,"2":22,"3":20,"4":20,"5":20,"6":0,"7":20,"8":0,"9":20,"10":20,"11":0,"12":20,"13":56,"14":56,"15":56,"16":0,"17":56,"18":56,"19":7,"20":56,"21":18,"22":18,"23":18,"24":12,"25":38,"26":8,"27":2,"28":2,"29":1},"f":{"0":20,"1":20,"2":56,"3":56,"4":18,"5":2,"6":2},"b":{"0":[2,18],"1":[0,20],"2":[0,20],"3":[0,20],"4":[0,56],"5":[7,49],"6":[18,38],"7":[56,56],"8":[12,6],"9":[8,30]}}
,"/Users/ben/Code/web/Blog-O-Matic/source/utilities/fsWrappers.ts": {"path":"/Users/ben/Code/web/Blog-O-Matic/source/utilities/fsWrappers.ts","statementMap":{"0":{"start":{"line":1,"column":0},"end":{"line":1,"column":23}},"1":{"start":{"line":2,"column":0},"end":{"line":2,"column":27}},"2":{"start":{"line":6,"column":2},"end":{"line":18,"column":4}},"3":{"start":{"line":7,"column":4},"end":{"line":17,"column":6}},"4":{"start":{"line":8,"column":6},"end":{"line":8,"column":61}},"5":{"start":{"line":8,"column":45},"end":{"line":8,"column":61}},"6":{"start":{"line":10,"column":6},"end":{"line":16,"column":8}},"7":{"start":{"line":11,"column":8},"end":{"line":11,"column":63}},"8":{"start":{"line":11,"column":47},"end":{"line":11,"column":63}},"9":{"start":{"line":13,"column":8},"end":{"line":15,"column":33}},"10":{"start":{"line":14,"column":22},"end":{"line":14,"column":40}},"11":{"start":{"line":5,"column":0},"end":{"line":19,"column":1}},"12":{"start":{"line":22,"column":2},"end":{"line":32,"column":4}},"13":{"start":{"line":23,"column":21},"end":{"line":23,"column":63}},"14":{"start":{"line":23,"column":30},"end":{"line":23,"column":63}},"15":{"start":{"line":25,"column":20},"end":{"line":25,"column":35}},"16":{"start":{"line":26,"column":4},"end":{"line":26,"column":17}},"17":{"start":{"line":28,"column":4},"end":{"line":31,"column":5}},"18":{"start":{"line":29,"column":12},"end":{"line":29,"column":57}},"19":{"start":{"line":21,"column":0},"end":{"line":33,"column":1}}},"fnMap":{"0":{"name":"createDir","decl":{"start":{"line":5,"column":0},"end":{"line":5,"column":25}},"loc":{"start":{"line":5,"column":41},"end":{"line":19,"column":1}}},"1":{"name":"(anonymous_1)","decl":{"start":{"line":6,"column":21},"end":{"line":6,"column":20}},"loc":{"start":{"line":6,"column":28},"end":{"line":18,"column":3}}},"2":{"name":"(anonymous_2)","decl":{"start":{"line":7,"column":26},"end":{"line":7,"column":25}},"loc":{"start":{"line":7,"column":31},"end":{"line":17,"column":5}}},"3":{"name":"(anonymous_3)","decl":{"start":{"line":10,"column":24},"end":{"line":10,"column":23}},"loc":{"start":{"line":10,"column":29},"end":{"line":16,"column":7}}},"4":{"name":"(anonymous_4)","decl":{"start":{"line":14,"column":16},"end":{"line":14,"column":21}},"loc":{"start":{"line":14,"column":16},"end":{"line":14,"column":40}}},"5":{"name":"writeJSON","decl":{"start":{"line":21,"column":0},"end":{"line":21,"column":25}},"loc":{"start":{"line":21,"column":55},"end":{"line":33,"column":1}}},"6":{"name":"(anonymous_6)","decl":{"start":{"line":22,"column":21},"end":{"line":22,"column":21}},"loc":{"start":{"line":22,"column":37},"end":{"line":32,"column":3}}},"7":{"name":"(anonymous_7)","decl":{"start":{"line":23,"column":21},"end":{"line":23,"column":20}},"loc":{"start":{"line":23,"column":26},"end":{"line":23,"column":63}}},"8":{"name":"(anonymous_8)","decl":{"start":{"line":29,"column":6},"end":{"line":29,"column":11}},"loc":{"start":{"line":29,"column":6},"end":{"line":29,"column":57}}}},"branchMap":{"0":{"loc":{"start":{"line":8,"column":6},"end":{"line":8,"column":61}},"type":"if","locations":[{"start":{"line":8,"column":6},"end":{"line":8,"column":61}},{"start":{"line":8,"column":6},"end":{"line":8,"column":61}}]},"1":{"loc":{"start":{"line":8,"column":10},"end":{"line":8,"column":16}},"type":"binary-expr","locations":[{"start":{"line":8,"column":10},"end":{"line":8,"column":16}},{"start":{"line":8,"column":20},"end":{"line":8,"column":43}}]},"2":{"loc":{"start":{"line":11,"column":8},"end":{"line":11,"column":63}},"type":"if","locations":[{"start":{"line":11,"column":8},"end":{"line":11,"column":63}},{"start":{"line":11,"column":8},"end":{"line":11,"column":63}}]},"3":{"loc":{"start":{"line":11,"column":12},"end":{"line":11,"column":18}},"type":"binary-expr","locations":[{"start":{"line":11,"column":12},"end":{"line":11,"column":18}},{"start":{"line":11,"column":22},"end":{"line":11,"column":45}}]},"4":{"loc":{"start":{"line":23,"column":38},"end":{"line":23,"column":51}},"type":"cond-expr","locations":[{"start":{"line":23,"column":38},"end":{"line":23,"column":51}},{"start":{"line":23,"column":54},"end":{"line":23,"column":63}}]}},"s":{"0":1,"1":1,"2":21,"3":21,"4":21,"5":21,"6":0,"7":0,"8":0,"9":0,"10":0,"11":1,"12":4,"13":4,"14":4,"15":4,"16":4,"17":4,"18":4,"19":1},"f":{"0":21,"1":21,"2":21,"3":0,"4":0,"5":4,"6":4,"7":4,"8":4},"b":{"0":[21,0],"1":[21,0],"2":[0,0],"3":[0,0],"4":[0,4]}}
,"/Users/ben/Code/web/Blog-O-Matic/source/utilities/log.ts": {"path":"/Users/ben/Code/web/Blog-O-Matic/source/utilities/log.ts","statementMap":{"0":{"start":{"line":1,"column":15},"end":{"line":1,"column":25}},"1":{"start":{"line":2,"column":14},"end":{"line":2,"column":23}},"2":{"start":{"line":3,"column":14},"end":{"line":3,"column":24}},"3":{"start":{"line":4,"column":12},"end":{"line":4,"column":21}},"4":{"start":{"line":5,"column":12},"end":{"line":5,"column":22}},"5":{"start":{"line":7,"column":12},"end":{"line":7,"column":55}},"6":{"start":{"line":8,"column":16},"end":{"line":8,"column":50}},"7":{"start":{"line":8,"column":21},"end":{"line":8,"column":50}},"8":{"start":{"line":11,"column":2},"end":{"line":11,"column":51}},"9":{"start":{"line":10,"column":0},"end":{"line":12,"column":1}},"10":{"start":{"line":16,"column":2},"end":{"line":20,"column":3}},"11":{"start":{"line":17,"column":4},"end":{"line":17,"column":29}},"12":{"start":{"line":19,"column":4},"end":{"line":19,"column":57}},"13":{"start":{"line":15,"column":0},"end":{"line":21,"column":1}},"14":{"start":{"line":25,"column":2},"end":{"line":25,"column":52}},"15":{"start":{"line":24,"column":0},"end":{"line":26,"column":1}}},"fnMap":{"0":{"name":"(anonymous_0)","decl":{"start":{"line":8,"column":16},"end":{"line":8,"column":15}},"loc":{"start":{"line":8,"column":17},"end":{"line":8,"column":50}}},"1":{"name":"done","decl":{"start":{"line":10,"column":0},"end":{"line":10,"column":20}},"loc":{"start":{"line":10,"column":26},"end":{"line":12,"column":1}}},"2":{"name":"progress","decl":{"start":{"line":15,"column":0},"end":{"line":15,"column":24}},"loc":{"start":{"line":15,"column":34},"end":{"line":21,"column":1}}},"3":{"name":"start","decl":{"start":{"line":24,"column":0},"end":{"line":24,"column":21}},"loc":{"start":{"line":24,"column":27},"end":{"line":26,"column":1}}}},"branchMap":{"0":{"loc":{"start":{"line":16,"column":2},"end":{"line":20,"column":3}},"type":"if","locations":[{"start":{"line":16,"column":2},"end":{"line":20,"column":3}},{"start":{"line":16,"column":2},"end":{"line":20,"column":3}}]}},"s":{"0":1,"1":1,"2":1,"3":1,"4":1,"5":1,"6":1,"7":6,"8":2,"9":1,"10":6,"11":2,"12":4,"13":1,"14":2,"15":1},"f":{"0":6,"1":2,"2":6,"3":2},"b":{"0":[2,4]}}
,"/Users/ben/Code/web/Blog-O-Matic/source/utilities/validators.ts": {"path":"/Users/ben/Code/web/Blog-O-Matic/source/utilities/validators.ts","statementMap":{"0":{"start":{"line":1,"column":13},"end":{"line":1,"column":70}},"1":{"start":{"line":1,"column":35},"end":{"line":1,"column":70}},"2":{"start":{"line":2,"column":13},"end":{"line":2,"column":78}},"3":{"start":{"line":2,"column":38},"end":{"line":2,"column":78}},"4":{"start":{"line":3,"column":13},"end":{"line":3,"column":82}},"5":{"start":{"line":3,"column":38},"end":{"line":3,"column":82}}},"fnMap":{"0":{"name":"(anonymous_0)","decl":{"start":{"line":1,"column":23},"end":{"line":1,"column":22}},"loc":{"start":{"line":1,"column":31},"end":{"line":1,"column":70}}},"1":{"name":"(anonymous_1)","decl":{"start":{"line":2,"column":26},"end":{"line":2,"column":25}},"loc":{"start":{"line":2,"column":34},"end":{"line":2,"column":78}}},"2":{"name":"(anonymous_2)","decl":{"start":{"line":3,"column":26},"end":{"line":3,"column":25}},"loc":{"start":{"line":3,"column":34},"end":{"line":3,"column":82}}}},"branchMap":{},"s":{"0":1,"1":4,"2":1,"3":28,"4":1,"5":28},"f":{"0":4,"1":28,"2":28},"b":{}}
,"/Users/ben/Code/web/Blog-O-Matic/source/utilities/writeMetaFiles.ts": {"path":"/Users/ben/Code/web/Blog-O-Matic/source/utilities/writeMetaFiles.ts","statementMap":{"0":{"start":{"line":1,"column":0},"end":{"line":1,"column":23}},"1":{"start":{"line":2,"column":0},"end":{"line":2,"column":27}},"2":{"start":{"line":4,"column":0},"end":{"line":4,"column":50}},"3":{"start":{"line":5,"column":0},"end":{"line":5,"column":48}},"4":{"start":{"line":6,"column":0},"end":{"line":6,"column":27}},"5":{"start":{"line":10,"column":4},"end":{"line":10,"column":9}},"6":{"start":{"line":10,"column":11},"end":{"line":10,"column":17}},"7":{"start":{"line":10,"column":19},"end":{"line":10,"column":25}},"8":{"start":{"line":13,"column":20},"end":{"line":18,"column":3}},"9":{"start":{"line":19,"column":20},"end":{"line":19,"column":55}},"10":{"start":{"line":21,"column":2},"end":{"line":45,"column":4}},"11":{"start":{"line":22,"column":22},"end":{"line":22,"column":48}},"12":{"start":{"line":23,"column":23},"end":{"line":23,"column":50}},"13":{"start":{"line":24,"column":21},"end":{"line":24,"column":67}},"14":{"start":{"line":26,"column":4},"end":{"line":26,"column":61}},"15":{"start":{"line":27,"column":23},"end":{"line":27,"column":53}},"16":{"start":{"line":29,"column":4},"end":{"line":44,"column":5}},"17":{"start":{"line":30,"column":6},"end":{"line":30,"column":43}},"18":{"start":{"line":31,"column":6},"end":{"line":31,"column":36}},"19":{"start":{"line":33,"column":6},"end":{"line":35,"column":7}},"20":{"start":{"line":34,"column":8},"end":{"line":34,"column":58}},"21":{"start":{"line":34,"column":39},"end":{"line":34,"column":57}},"22":{"start":{"line":37,"column":6},"end":{"line":39,"column":7}},"23":{"start":{"line":38,"column":8},"end":{"line":38,"column":43}},"24":{"start":{"line":41,"column":6},"end":{"line":43,"column":7}},"25":{"start":{"line":42,"column":8},"end":{"line":42,"column":42}},"26":{"start":{"line":47,"column":18},"end":{"line":52,"column":21}},"27":{"start":{"line":54,"column":2},"end":{"line":57,"column":3}},"28":{"start":{"line":9,"column":0},"end":{"line":58,"column":1}},"29":{"start":{"line":61,"column":2},"end":{"line":63,"column":3}},"30":{"start":{"line":62,"column":4},"end":{"line":62,"column":75}},"31":{"start":{"line":65,"column":2},"end":{"line":71,"column":3}},"32":{"start":{"line":68,"column":6},"end":{"line":68,"column":69}},"33":{"start":{"line":68,"column":28},"end":{"line":68,"column":69}},"34":{"start":{"line":69,"column":6},"end":{"line":69,"column":70}},"35":{"start":{"line":77,"column":2},"end":{"line":77,"column":33}},"36":{"start":{"line":77,"column":20},"end":{"line":77,"column":31}},"37":{"start":{"line":79,"column":2},"end":{"line":88,"column":3}}},"fnMap":{"0":{"name":"writeMetaFiles","decl":{"start":{"line":9,"column":0},"end":{"line":10,"column":1}},"loc":{"start":{"line":11,"column":17},"end":{"line":58,"column":1}}},"1":{"name":"(anonymous_1)","decl":{"start":{"line":21,"column":16},"end":{"line":21,"column":15}},"loc":{"start":{"line":21,"column":24},"end":{"line":45,"column":3}}},"2":{"name":"(anonymous_2)","decl":{"start":{"line":34,"column":32},"end":{"line":34,"column":31}},"loc":{"start":{"line":34,"column":35},"end":{"line":34,"column":57}}},"3":{"name":"writeMetaJSON","decl":{"start":{"line":60,"column":0},"end":{"line":60,"column":22}},"loc":{"start":{"line":60,"column":65},"end":{"line":72,"column":1}}},"4":{"name":"(anonymous_4)","decl":{"start":{"line":67,"column":4},"end":{"line":67,"column":4}},"loc":{"start":{"line":67,"column":18},"end":{"line":70,"column":5}}},"5":{"name":"formatMeta","decl":{"start":{"line":76,"column":0},"end":{"line":76,"column":19}},"loc":{"start":{"line":76,"column":35},"end":{"line":89,"column":1}}}},"branchMap":{"0":{"loc":{"start":{"line":19,"column":38},"end":{"line":19,"column":39}},"type":"cond-expr","locations":[{"start":{"line":19,"column":38},"end":{"line":19,"column":39}},{"start":{"line":19,"column":43},"end":{"line":19,"column":54}}]},"1":{"loc":{"start":{"line":19,"column":43},"end":{"line":19,"column":49}},"type":"binary-expr","locations":[{"start":{"line":19,"column":43},"end":{"line":19,"column":49}},{"start":{"line":19,"column":53},"end":{"line":19,"column":54}}]},"2":{"loc":{"start":{"line":29,"column":4},"end":{"line":44,"column":5}},"type":"if","locations":[{"start":{"line":29,"column":4},"end":{"line":44,"column":5}},{"start":{"line":29,"column":4},"end":{"line":44,"column":5}}]},"3":{"loc":{"start":{"line":33,"column":6},"end":{"line":35,"column":7}},"type":"if","locations":[{"start":{"line":33,"column":6},"end":{"line":35,"column":7}},{"start":{"line":33,"column":6},"end":{"line":35,"column":7}}]},"4":{"loc":{"start":{"line":37,"column":6},"end":{"line":39,"column":7}},"type":"if","locations":[{"start":{"line":37,"column":6},"end":{"line":39,"column":7}},{"start":{"line":37,"column":6},"end":{"line":39,"column":7}}]},"5":{"loc":{"start":{"line":41,"column":6},"end":{"line":43,"column":7}},"type":"if","locations":[{"start":{"line":41,"column":6},"end":{"line":43,"column":7}},{"start":{"line":41,"column":6},"end":{"line":43,"column":7}}]},"6":{"loc":{"start":{"line":61,"column":2},"end":{"line":63,"column":3}},"type":"if","locations":[{"start":{"line":61,"column":2},"end":{"line":63,"column":3}},{"start":{"line":61,"column":2},"end":{"line":63,"column":3}}]},"7":{"loc":{"start":{"line":68,"column":6},"end":{"line":68,"column":69}},"type":"if","locations":[{"start":{"line":68,"column":6},"end":{"line":68,"column":69}},{"start":{"line":68,"column":6},"end":{"line":68,"column":69}}]},"8":{"loc":{"start":{"line":68,"column":10},"end":{"line":68,"column":16}},"type":"binary-expr","locations":[{"start":{"line":68,"column":10},"end":{"line":68,"column":16}},{"start":{"line":68,"column":20},"end":{"line":68,"column":26}}]},"9":{"loc":{"start":{"line":77,"column":2},"end":{"line":77,"column":33}},"type":"if","locations":[{"start":{"line":77,"column":2},"end":{"line":77,"column":33}},{"start":{"line":77,"column":2},"end":{"line":77,"column":33}}]}},"s":{"0":1,"1":1,"2":1,"3":1,"4":1,"5":1,"6":1,"7":1,"8":1,"9":1,"10":1,"11":3,"12":3,"13":3,"14":3,"15":3,"16":3,"17":2,"18":2,"19":2,"20":2,"21":3,"22":2,"23":2,"24":2,"25":1,"26":1,"27":1,"28":1,"29":3,"30":2,"31":1,"32":1,"33":1,"34":1,"35":3,"36":1,"37":2},"f":{"0":1,"1":3,"2":3,"3":3,"4":1,"5":3},"b":{"0":[1,0],"1":[0,0],"2":[2,1],"3":[2,0],"4":[2,0],"5":[1,1],"6":[2,1],"7":[1,0],"8":[1,1],"9":[1,2]}}
}
