TN:
SF:/Users/ben/Code/web/Blog-O-Matic/source/index.ts
FN:16,(anonymous_0)
FN:17,(anonymous_1)
FNF:2
FNH:2
FNDA:1,(anonymous_0)
FNDA:1,(anonymous_1)
DA:1,1
DA:2,1
DA:4,1
DA:5,1
DA:8,1
DA:15,1
DA:16,1
DA:17,1
LF:8
LH:8
BRDA:9,0,0,1
BRDA:9,0,1,1
BRDA:10,1,0,1
BRDA:10,1,1,1
BRDA:11,2,0,1
BRDA:11,2,1,1
BRF:6
BRH:6
end_of_record
TN:
SF:/Users/ben/Code/web/Blog-O-Matic/source/modules/buildContentMap.ts
FN:18,buildContentMap
FNF:1
FNH:1
FNDA:1,buildContentMap
DA:2,1
DA:3,1
DA:4,1
DA:5,1
DA:6,1
DA:18,1
DA:19,2
DA:21,1
DA:23,1
DA:24,2
DA:26,1
LF:11
LH:11
BRF:0
BRH:0
end_of_record
TN:
SF:/Users/ben/Code/web/Blog-O-Matic/source/modules/optimizeImages.ts
FN:37,optimizeImages
FN:42,(anonymous_15)
FN:48,resizeImage
FN:58,(anonymous_19)
FNF:4
FNH:4
FNDA:1,optimizeImages
FNDA:4,(anonymous_15)
FNDA:16,resizeImage
FNDA:4,(anonymous_19)
DA:14,1
DA:15,1
DA:16,1
DA:18,1
DA:19,1
DA:20,1
DA:21,1
DA:24,1
DA:37,1
DA:38,1
DA:40,1
DA:42,1
DA:43,4
DA:44,4
DA:45,4
DA:47,4
DA:49,16
DA:50,16
DA:51,16
DA:53,32
DA:54,16
DA:57,4
DA:58,4
DA:61,1
DA:62,1
DA:63,1
LF:26
LH:26
BRF:0
BRH:0
end_of_record
TN:
SF:/Users/ben/Code/web/Blog-O-Matic/source/utilities/findAll.ts
FN:7,findThings
FN:16,(anonymous_1)
FN:23,(anonymous_2)
FN:25,(anonymous_3)
FN:34,(anonymous_4)
FN:45,findAll
FN:46,(anonymous_6)
FNF:7
FNH:7
FNDA:20,findThings
FNDA:20,(anonymous_1)
FNDA:56,(anonymous_2)
FNDA:56,(anonymous_3)
FNDA:18,(anonymous_4)
FNDA:2,findAll
FNDA:2,(anonymous_6)
DA:3,1
DA:4,1
DA:10,22
DA:14,20
DA:16,20
DA:17,20
DA:18,20
DA:20,20
DA:21,20
DA:23,20
DA:24,56
DA:25,56
DA:26,56
DA:28,56
DA:29,56
DA:30,7
DA:33,56
DA:34,18
DA:35,18
DA:36,18
DA:38,38
DA:45,1
DA:46,2
DA:47,2
LF:24
LH:24
BRDA:10,0,0,2
BRDA:10,0,1,18
BRDA:17,1,0,0
BRDA:17,1,1,20
BRDA:18,2,0,0
BRDA:18,2,1,20
BRDA:21,3,0,0
BRDA:21,3,1,20
BRDA:26,4,0,0
BRDA:26,4,1,56
BRDA:29,5,0,7
BRDA:29,5,1,49
BRDA:33,6,0,18
BRDA:33,6,1,38
BRDA:33,7,0,56
BRDA:33,7,1,56
BRDA:36,8,0,12
BRDA:36,8,1,6
BRDA:38,9,0,8
BRDA:38,9,1,30
BRF:20
BRH:16
end_of_record
TN:
SF:/Users/ben/Code/web/Blog-O-Matic/source/utilities/fsWrappers.ts
FN:5,createDir
FN:6,(anonymous_1)
FN:7,(anonymous_2)
FN:10,(anonymous_3)
FN:14,(anonymous_4)
FN:21,writeJSON
FN:22,(anonymous_6)
FN:23,(anonymous_7)
FN:29,(anonymous_8)
FNF:9
FNH:7
FNDA:21,createDir
FNDA:21,(anonymous_1)
FNDA:21,(anonymous_2)
FNDA:0,(anonymous_3)
FNDA:0,(anonymous_4)
FNDA:4,writeJSON
FNDA:4,(anonymous_6)
FNDA:4,(anonymous_7)
FNDA:4,(anonymous_8)
DA:1,1
DA:2,1
DA:5,1
DA:6,21
DA:7,21
DA:8,21
DA:10,0
DA:11,0
DA:13,0
DA:14,0
DA:21,1
DA:22,4
DA:23,4
DA:25,4
DA:26,4
DA:28,4
DA:29,4
LF:17
LH:13
BRDA:8,0,0,21
BRDA:8,0,1,0
BRDA:8,1,0,21
BRDA:8,1,1,0
BRDA:11,2,0,0
BRDA:11,2,1,0
BRDA:11,3,0,0
BRDA:11,3,1,0
BRDA:23,4,0,0
BRDA:23,4,1,4
BRF:10
BRH:3
end_of_record
TN:
SF:/Users/ben/Code/web/Blog-O-Matic/source/utilities/log.ts
FN:8,(anonymous_0)
FN:10,done
FN:15,progress
FN:24,start
FNF:4
FNH:4
FNDA:6,(anonymous_0)
FNDA:2,done
FNDA:6,progress
FNDA:2,start
DA:1,1
DA:2,1
DA:3,1
DA:4,1
DA:5,1
DA:7,1
DA:8,6
DA:10,1
DA:11,2
DA:15,1
DA:16,6
DA:17,2
DA:19,4
DA:24,1
DA:25,2
LF:15
LH:15
BRDA:16,0,0,2
BRDA:16,0,1,4
BRF:2
BRH:2
end_of_record
TN:
SF:/Users/ben/Code/web/Blog-O-Matic/source/utilities/validators.ts
FN:1,(anonymous_0)
FN:2,(anonymous_1)
FN:3,(anonymous_2)
FNF:3
FNH:3
FNDA:4,(anonymous_0)
FNDA:28,(anonymous_1)
FNDA:28,(anonymous_2)
DA:1,4
DA:2,28
DA:3,28
LF:3
LH:3
BRF:0
BRH:0
end_of_record
TN:
SF:/Users/ben/Code/web/Blog-O-Matic/source/utilities/writeMetaFiles.ts
FN:9,writeMetaFiles
FN:21,(anonymous_1)
FN:34,(anonymous_2)
FN:60,writeMetaJSON
FN:67,(anonymous_4)
FN:76,formatMeta
FNF:6
FNH:6
FNDA:1,writeMetaFiles
FNDA:3,(anonymous_1)
FNDA:3,(anonymous_2)
FNDA:3,writeMetaJSON
FNDA:1,(anonymous_4)
FNDA:3,formatMeta
DA:1,1
DA:2,1
DA:4,1
DA:5,1
DA:6,1
DA:9,1
DA:10,1
DA:13,1
DA:19,1
DA:21,1
DA:22,3
DA:23,3
DA:24,3
DA:26,3
DA:27,3
DA:29,3
DA:30,2
DA:31,2
DA:33,2
DA:34,3
DA:37,2
DA:38,2
DA:41,2
DA:42,1
DA:47,1
DA:54,1
DA:61,3
DA:62,2
DA:65,1
DA:68,1
DA:69,1
DA:77,3
DA:79,2
LF:33
LH:33
BRDA:19,0,0,1
BRDA:19,0,1,0
BRDA:19,1,0,0
BRDA:19,1,1,0
BRDA:29,2,0,2
BRDA:29,2,1,1
BRDA:33,3,0,2
BRDA:33,3,1,0
BRDA:37,4,0,2
BRDA:37,4,1,0
BRDA:41,5,0,1
BRDA:41,5,1,1
BRDA:61,6,0,2
BRDA:61,6,1,1
BRDA:68,7,0,1
BRDA:68,7,1,0
BRDA:68,8,0,1
BRDA:68,8,1,1
BRDA:77,9,0,1
BRDA:77,9,1,2
BRF:20
BRH:14
end_of_record
